********************** 08/06/2022 14:56:30 **********************
 ---- 08/06/2022 14:56:30 ---- Automation Started on
 ---- 08/06/2022 14:56:30 ---- AutomationFolderCreation folder created at Downloads location
 ---- 08/06/2022 14:56:30 ---- Username entered
 ---- 08/06/2022 14:56:30 ---- Password entered
 ---- 08/06/2022 14:56:30 ---- Submitted
 ---- 08/06/2022 14:56:50 ---- Okta Code Verified!
********************** 08/06/2022 15:05:00 **********************
 ---- 08/06/2022 15:05:00 ---- Automation Started on
 ---- 08/06/2022 15:05:00 ---- AutomationFolderCreation folder created at Downloads location
 ---- 08/06/2022 15:05:00 ---- Username entered
 ---- 08/06/2022 15:05:00 ---- Password entered
 ---- 08/06/2022 15:05:00 ---- Submitted
 ---- 08/06/2022 15:05:20 ---- Okta Code Verified!
 ---- 08/06/2022 15:07:01 ---- Navigated to Admin access module
 ---- 08/06/2022 15:07:01 ---- Redirecting to Travel & Expense module
********************** 08/06/2022 15:07:12 **********************
 ---- 08/06/2022 15:07:12 ---- Automation Started on
 ---- 08/06/2022 15:07:12 ---- AutomationFolderCreation folder created at Downloads location
 ---- 08/06/2022 15:07:12 ---- Username entered
 ---- 08/06/2022 15:07:12 ---- Password entered
 ---- 08/06/2022 15:07:12 ---- Submitted
 ---- 08/06/2022 15:07:32 ---- Okta Code Verified!
 ---- 08/06/2022 15:07:45 ---- Navigated to Admin access module
 ---- 08/06/2022 15:07:45 ---- Redirecting to Travel & Expense module
 ---- 08/06/2022 15:07:46 ---- Selecting Pending for processing Tab
 ---- 08/06/2022 15:07:56 ---- Opening the filter
 ---- 08/06/2022 15:08:02 ---- Selected date for Created Date filter
 ---- 08/06/2022 15:08:02 ---- Filter Applied
 ---- 08/06/2022 15:08:32 ---- Folder Created for 25029694-Nikhil Yadav (02816)
 ---- 08/06/2022 15:08:34 ---- PDF Downloaded
 ---- 08/06/2022 15:08:39 ---- Internet Bill Reimbursement May 2022(25029694).pdf moved to C:\Users\shrey\Downloads\AutomationFolderCreation\25029694-Nikhil Yadav (02816)
 ---- 08/06/2022 15:08:40 ---- ZIP Downloaded
 ---- 08/06/2022 15:08:43 ---- 02816_25029694_08_06_2022.zip moved to C:\Users\shrey\Downloads\AutomationFolderCreation\25029694-Nikhil Yadav (02816)
 ---- 08/06/2022 15:08:46 ---- Folder Created for 25029686-Sachin S (02694)
 ---- 08/06/2022 15:08:47 ---- PDF Downloaded
 ---- 08/06/2022 15:08:52 ---- Internet Reimbursement- April 2022(25029686).pdf moved to C:\Users\shrey\Downloads\AutomationFolderCreation\25029686-Sachin S (02694)
 ---- 08/06/2022 15:08:53 ---- ZIP Downloaded
 ---- 08/06/2022 15:08:56 ---- 02694_25029686_08_06_2022.zip moved to C:\Users\shrey\Downloads\AutomationFolderCreation\25029686-Sachin S (02694)
 ---- 08/06/2022 15:08:59 ---- Folder Created for 25029680-Sakshi Saxena (02282)
 ---- 08/06/2022 15:09:00 ---- PDF Downloaded
 ---- 08/06/2022 15:09:05 ---- Expense request 08-06-2022(25029680).pdf moved to C:\Users\shrey\Downloads\AutomationFolderCreation\25029680-Sakshi Saxena (02282)
 ---- 08/06/2022 15:09:06 ---- ZIP Downloaded
 ---- 08/06/2022 15:09:09 ---- 02282_25029680_08_06_2022.zip moved to C:\Users\shrey\Downloads\AutomationFolderCreation\25029680-Sakshi Saxena (02282)
 ---- 08/06/2022 15:09:12 ---- Folder Created for 25029666-Jayasuriya R (03040)
 ---- 08/06/2022 15:09:13 ---- PDF Downloaded
 ---- 08/06/2022 15:09:18 ---- Internet Bill reimbursement - June month(25029666).pdf moved to C:\Users\shrey\Downloads\AutomationFolderCreation\25029666-Jayasuriya R (03040)
 ---- 08/06/2022 15:09:18 ---- ZIP Downloaded
 ---- 08/06/2022 15:09:21 ---- 03040_25029666_08_06_2022.zip moved to C:\Users\shrey\Downloads\AutomationFolderCreation\25029666-Jayasuriya R (03040)
 ---- 08/06/2022 15:09:24 ---- Folder Created for 25029651-Sasane Tejas (03325)
 ---- 08/06/2022 15:09:25 ---- PDF Downloaded
 ---- 08/06/2022 15:09:30 ---- Internet Bill Reimbursement(25029651).pdf moved to C:\Users\shrey\Downloads\AutomationFolderCreation\25029651-Sasane Tejas (03325)
 ---- 08/06/2022 15:09:31 ---- ZIP Downloaded
 ---- 08/06/2022 15:09:34 ---- 03325_25029651_08_06_2022.zip moved to C:\Users\shrey\Downloads\AutomationFolderCreation\25029651-Sasane Tejas (03325)
 ---- 08/06/2022 15:09:37 ---- Folder Created for 25029635-Sunil Kumar S (02099)
 ---- 08/06/2022 15:09:38 ---- PDF Downloaded
 ---- 08/06/2022 15:09:43 ---- Internet bill(25029635).pdf moved to C:\Users\shrey\Downloads\AutomationFolderCreation\25029635-Sunil Kumar S (02099)
 ---- 08/06/2022 15:09:45 ---- ZIP Downloaded
 ---- 08/06/2022 15:09:48 ---- 02099_25029635_07_06_2022.zip moved to C:\Users\shrey\Downloads\AutomationFolderCreation\25029635-Sunil Kumar S (02099)
 ---- 08/06/2022 15:09:51 ---- Folder Created for 25029639-Devendra Gupta (02307)
 ---- 08/06/2022 15:09:52 ---- PDF Downloaded
 ---- 08/06/2022 15:09:57 ---- June_22 month internet bill(25029639).pdf moved to C:\Users\shrey\Downloads\AutomationFolderCreation\25029639-Devendra Gupta (02307)
 ---- 08/06/2022 15:09:58 ---- ZIP Downloaded
 ---- 08/06/2022 15:10:01 ---- 02307_25029639_07_06_2022.zip moved to C:\Users\shrey\Downloads\AutomationFolderCreation\25029639-Devendra Gupta (02307)
 ---- 08/06/2022 15:10:04 ---- Folder Created for 25029637-Devendra Gupta (02307)
 ---- 08/06/2022 15:10:05 ---- PDF Downloaded
 ---- 08/06/2022 15:10:10 ---- May_22 month internet bill(25029637).pdf moved to C:\Users\shrey\Downloads\AutomationFolderCreation\25029637-Devendra Gupta (02307)
 ---- 08/06/2022 15:10:11 ---- ZIP Downloaded
 ---- 08/06/2022 15:10:14 ---- 02307_25029637_07_06_2022.zip moved to C:\Users\shrey\Downloads\AutomationFolderCreation\25029637-Devendra Gupta (02307)
 ---- 08/06/2022 15:10:17 ---- Folder Created for 25029636-Devendra Gupta (02307)
 ---- 08/06/2022 15:10:18 ---- PDF Downloaded
 ---- 08/06/2022 15:10:23 ---- Apr month internet bill(25029636).pdf moved to C:\Users\shrey\Downloads\AutomationFolderCreation\25029636-Devendra Gupta (02307)
 ---- 08/06/2022 15:10:24 ---- ZIP Downloaded
 ---- 08/06/2022 15:10:27 ---- 02307_25029636_07_06_2022.zip moved to C:\Users\shrey\Downloads\AutomationFolderCreation\25029636-Devendra Gupta (02307)
 ---- 08/06/2022 15:10:30 ---- Folder Created for 25029638-Devendra Gupta (02307)
 ---- 08/06/2022 15:10:32 ---- PDF Downloaded
 ---- 08/06/2022 15:10:37 ---- Mar month internet bill(25029638).pdf moved to C:\Users\shrey\Downloads\AutomationFolderCreation\25029638-Devendra Gupta (02307)
 ---- 08/06/2022 15:10:38 ---- ZIP Downloaded
 ---- 08/06/2022 15:10:41 ---- 02307_25029638_07_06_2022.zip moved to C:\Users\shrey\Downloads\AutomationFolderCreation\25029638-Devendra Gupta (02307)
 ---- 08/06/2022 15:10:45 ---- Navigated to next page
 ---- 08/06/2022 15:10:48 ---- Folder Created for 25029629-Aneesh Antony (02642)
 ---- 08/06/2022 15:10:49 ---- PDF Downloaded
 ---- 08/06/2022 15:10:54 ---- June 2022 Internet Bill - Aneesh Antony(25029629).pdf moved to C:\Users\shrey\Downloads\AutomationFolderCreation\25029629-Aneesh Antony (02642)
 ---- 08/06/2022 15:10:55 ---- ZIP Downloaded
 ---- 08/06/2022 15:10:58 ---- 02642_25029629_07_06_2022.zip moved to C:\Users\shrey\Downloads\AutomationFolderCreation\25029629-Aneesh Antony (02642)
 ---- 08/06/2022 15:11:01 ---- Folder Created for 25029615-Yamuna M S (02194)
 ---- 08/06/2022 15:11:02 ---- PDF Downloaded
 ---- 08/06/2022 15:11:07 ---- May_2022_Internet bill(25029615).pdf moved to C:\Users\shrey\Downloads\AutomationFolderCreation\25029615-Yamuna M S (02194)
 ---- 08/06/2022 15:11:08 ---- ZIP Downloaded
 ---- 08/06/2022 15:11:11 ---- 02194_25029615_07_06_2022.zip moved to C:\Users\shrey\Downloads\AutomationFolderCreation\25029615-Yamuna M S (02194)
 ---- 08/06/2022 15:11:14 ---- Folder Created for 25029607-Rajesh M (ANN_CAN_16242)
 ---- 08/06/2022 15:11:15 ---- PDF Downloaded
 ---- 08/06/2022 15:11:20 ---- Expense request 07-06-2022(25029607).pdf moved to C:\Users\shrey\Downloads\AutomationFolderCreation\25029607-Rajesh M (ANN_CAN_16242)
 ---- 08/06/2022 15:11:20 ---- ZIP Downloaded
 ---- 08/06/2022 15:11:23 ---- ANN_CAN_16242_25029607_07_06_2022.zip moved to C:\Users\shrey\Downloads\AutomationFolderCreation\25029607-Rajesh M (ANN_CAN_16242)
 ---- 08/06/2022 15:11:26 ---- Folder Created for 25029582-Anita Math (01945)
 ---- 08/06/2022 15:11:27 ---- PDF Downloaded
 ---- 08/06/2022 15:11:32 ---- Internet(25029582).pdf moved to C:\Users\shrey\Downloads\AutomationFolderCreation\25029582-Anita Math (01945)
 ---- 08/06/2022 15:11:33 ---- ZIP Downloaded
 ---- 08/06/2022 15:11:36 ---- 01945_25029582_07_06_2022.zip moved to C:\Users\shrey\Downloads\AutomationFolderCreation\25029582-Anita Math (01945)
 ---- 08/06/2022 15:11:39 ---- Folder Created for 25029572-Ayan Mukhopadhyay (01554)
 ---- 08/06/2022 15:11:40 ---- PDF Downloaded
 ---- 08/06/2022 15:11:45 ---- Internet Bill for Jun 2022(25029572).pdf moved to C:\Users\shrey\Downloads\AutomationFolderCreation\25029572-Ayan Mukhopadhyay (01554)
 ---- 08/06/2022 15:11:46 ---- ZIP Downloaded
 ---- 08/06/2022 15:11:49 ---- 01554_25029572_07_06_2022.zip moved to C:\Users\shrey\Downloads\AutomationFolderCreation\25029572-Ayan Mukhopadhyay (01554)
 ---- 08/06/2022 15:11:52 ---- Folder Created for 25029566-Asiya Husain (02085)
 ---- 08/06/2022 15:11:53 ---- PDF Downloaded
 ---- 08/06/2022 15:11:58 ---- Internet Reimbursement(25029566).pdf moved to C:\Users\shrey\Downloads\AutomationFolderCreation\25029566-Asiya Husain (02085)
 ---- 08/06/2022 15:11:59 ---- ZIP Downloaded
 ---- 08/06/2022 15:12:02 ---- 02085_25029566_07_06_2022.zip moved to C:\Users\shrey\Downloads\AutomationFolderCreation\25029566-Asiya Husain (02085)
 ---- 08/06/2022 15:12:05 ---- Folder Created for 25029558-Varalakshmi (02806)
 ---- 08/06/2022 15:12:06 ---- PDF Downloaded
 ---- 08/06/2022 15:12:11 ---- Internet expenses(25029558).pdf moved to C:\Users\shrey\Downloads\AutomationFolderCreation\25029558-Varalakshmi (02806)
 ---- 08/06/2022 15:12:14 ---- ZIP Downloaded
 ---- 08/06/2022 15:12:17 ---- 02806_25029558_07_06_2022.zip moved to C:\Users\shrey\Downloads\AutomationFolderCreation\25029558-Varalakshmi (02806)
 ---- 08/06/2022 15:12:20 ---- Folder Created for 25029552-Mahboob Mazumder (ANN_CAN_16235)
 ---- 08/06/2022 15:12:21 ---- PDF Downloaded
 ---- 08/06/2022 15:12:26 ---- Internet(25029552).pdf moved to C:\Users\shrey\Downloads\AutomationFolderCreation\25029552-Mahboob Mazumder (ANN_CAN_16235)
 ---- 08/06/2022 15:12:27 ---- ZIP Downloaded
 ---- 08/06/2022 15:12:30 ---- ANN_CAN_16235_25029552_07_06_2022.zip moved to C:\Users\shrey\Downloads\AutomationFolderCreation\25029552-Mahboob Mazumder (ANN_CAN_16235)
 ---- 08/06/2022 15:12:33 ---- Folder Created for 25029548-Megha Kapse (03056)
 ---- 08/06/2022 15:12:35 ---- PDF Downloaded
 ---- 08/06/2022 15:12:40 ---- Internet Expense(Monthly)(25029548).pdf moved to C:\Users\shrey\Downloads\AutomationFolderCreation\25029548-Megha Kapse (03056)
********************** 08/06/2022 15:14:08 **********************
 ---- 08/06/2022 15:14:08 ---- Automation Started on
 ---- 08/06/2022 15:14:08 ---- AutomationFolderCreation folder created at Downloads location
 ---- 08/06/2022 15:14:08 ---- Username entered
 ---- 08/06/2022 15:14:08 ---- Password entered
 ---- 08/06/2022 15:14:09 ---- Submitted
 ---- 08/06/2022 15:14:29 ---- Okta Code Verified!
